0.16370797716695645
0.18832171298670394
0.21797220098053624
0.1866779492018617
0.18856801438317566
0.20704432991372443
0.2240630914871907
0.19749826324302613
0.20339702393637416
0.20957079645499768
0.21684430174534192
0.18390829608086887
0.22912501788570672
0.20617306048934336
0.22688463532375297
0.2113139609240055	0.1728088335023057	14.00187322672403
0.30975886911688727	0.1760000216109728	0.15664113626958484	37.045144182657786	13.466428947307813
0.3194904097392294	0.18729188086460308	37.401486500977455
0.20221701402405245	0.22706919473302542	6.316901883937206
0.21285047222584857
0.18207204986757797
0.49475969774071793	0.2161721943338001	0.154121258849592	44.227840302486975	18.38718165468679
0.2696462393140449	0.154121258849592	17.769311478900153
0.28288519148618163	0.16138378325714084	17.769311478900153
0.28288519148618163	0.18714530416777866	0.13810337030798234	17.718161047563434	8.427854156149431
0.25590631093822575	0.18077620897457375	0.09960407266427432	17.13043028364269	7.965480236454133
0.26699280274583653	0.20298162749245854	0.11683622569000118	17.600109738349733	8.537614087610931
0.2713516648384927	0.31865493701754993	0.16637606419732873	28.918300137222143	17.533696196917333
0.29673120596233843	0.28487481181661617	0.16637606419732873	29.62496961571158	17.51432557906946
0.32703266967806177	0.2920805011702455	0.17418194095193795	32.97187598630297	17.92960532178349
0.3595362344860448	0.14434813590110293	17.731580251691437
0.3222605826855144	0.14434813590110293	18.065933141087175
0.27028547653675467	0.362015631497099	0.15763892518095976	22.688399081159147	17.724585646495797
0.3207318011532312	0.1523177089187571	17.844465327828193
0.36654919437687666	0.14673313590607318	17.383941078163883
0.3647870893185048	0.37657280826172584	0.1498455305256007	21.733871328290892	17.54975039790788
0.35151306645480707	0.1498455305256007	17.71593354495582
0.35151306645480707	0.16246823912588104	17.888707759315146
0.3277196725963077	0.16246823912588104	17.759297755293886
0.3434105863741448	0.16793083788467536	17.429637021772997
0.3434105863741448	0.13206520998662458	17.8241186521669
0.3598005301324573	0.13235138682027064	17.7202041810706
0.37518015863800314	0.13072255005291877	17.55270554523108
0.418693787930233	0.1496307635375005	17.800365081757377
0.43670113735879124	0.16522431840745572	18.881291747964436
0.4541104471560676	0.17413203979229103	18.56303601243007
0.4424136240516934	0.14611792013286365	18.56303601243007
0.4424136240516934	0.15250145900445666	18.756561031616968
0.4424136240516934	0.15250145900445666	18.504722317940754
0.4424136240516934	0.1871218554921939	0.13187297161784656	18.818513008005226	7.5975163796604
0.4424136240516934	0.16246912595969773	18.818513008005226
0.40275960764583696	0.16246912595969773	18.34559217559948
0.3637056280348529	0.1366477134054616	18.913045054716893
0.3637056280348529	0.15247826671709014	18.83738444578735
0.3637056280348529	0.15247826671709014	18.83738444578735
0.36824158964061987	0.14499180054320226	0.17139386302514453	18.682893569810506	9.585343459115958
0.36824158964061987	0.1678658022413161	0.14184619711780017	18.77687994653779	9.396823101090579
0.39096971073008047	0.17049592917802522	18.986498016707205
0.4357122829474627	0.17049592917802522	19.080460295885185
0.4357122829474627	0.17049592917802522	19.54946481311273
0.4357122829474627	0.17049592917802522	19.2575600767822
0.4357122829474627	0.1650419025235307	19.2351726168553
0.4357122829474627	0.222562295050111	0.15948788992101112	19.38170743971503	8.901497014968886
0.36700698828432604	0.2203463941316894	0.11954591571832254	19.995003134384497	9.183977996940328
0.36700698828432604	0.2203463941316894	0.11940919022170868	19.302301676186207	9.021482114782687
0.36092760884651387	0.1716682939837919	18.994116394561754
0.3508333203079717	0.15174514806324793	19.013005551088696
0.40415531274346383	0.11796274667774992	19.058495935312912
0.3592132323219587	0.13488406172386952	19.092506509410942
0.3853354459333428	0.1338432298888226	18.550869374811295
0.39293048202659897	0.13713197284966427	18.71943907454413
0.39293048202659897	0.13713197284966427	18.755696085995687
0.38355608094136034	0.1482511369684647	18.755696085995687
0.38355608094136034	0.1482511369684647	18.99318966732782
0.3776981283597088	0.16634696241551017	19.46070788615334
0.3891490709985459	0.16634696241551017	19.60863778401068
0.4598853956098517	0.17255271846368464	19.605191315307955
0.4598853956098517	0.17268522379914616	19.425854802309463
0.39892175585039397	0.17268522379914616	20.19432893244212
0.3290401201612804	0.155287488297325	18.675833453374324
0.3755217281892669	0.13937511428438723	0.16441188939602544	18.911186212606296	12.322940271345178
0.45035914855152537	0.1326711436380946	19.280657901868185
0.415458890465789	0.13159453784558475	19.469920379808585
0.38889118550094126	0.13159453784558475	19.78306828006157
0.43562634646878906	0.15630625480230745	0.12627216184503318	19.144339803714544	3.9335590749446117
0.408258892925765	0.13810093320648759	18.424605881448805
0.3910846293145491	0.14628533548407607	18.492687064864196
0.34226118737365063	0.16286459236710862	18.98115224647237
0.34226118737365063	0.16145467757190246	19.094471746052296
0.34226118737365063	0.15981473991913764	19.58099817954211
0.37539474531578554	0.1437079985333932	19.00419499161838
0.37539474531578554	0.1437079985333932	19.406433577414077
0.42138713430951447	0.193606961093988	18.47227607373797
0.42138713430951447	0.193606961093988	19.235516368797466
0.472241494955756	0.3662887661031336	0.17512061161477274	29.60588524166826	18.797035696833703
0.472241494955756	0.3662887661031336	0.17512061161477274	29.50434285329813	19.0263964175069
0.43818085485097125	0.17405159362180483	19.805599954000794
0.47628950829065586	0.17405159362180483	19.379340628088734
0.5075581705897568	0.17405159362180483	19.878009550767132
0.4188723215875163	0.15612185887523375	19.30372514321497
0.4188723215875163	0.15612185887523375	19.5465609944311
0.35866228350593454	0.15612185887523375	19.509180473336908
0.3677458810285178	0.16004063592363793	19.63270995123557
0.4297084661559804	0.16230848220173655	19.99948067822472
0.4474804768685262	0.18120137137690367	19.52637236678635
0.4208535876616221	0.16833884358222045	19.613062621001713
0.4272398053930723	0.15229677179739617	19.406961726868456
0.4398746316678956	0.1640899165800396	19.72709765017685
0.35569582128449917	0.3303216653280527	0.14259359031840496	19.16719200540182	18.0190203443541
0.35958719042972015	0.16046138039390986	18.031776279153974
0.3831915960303938	0.16046138039390986	18.74146869886801
0.40706716202334997	0.16209175367531986	0.08269280326856697	18.774831393705377	8.265733173403666
0.32428133565582506	0.131781830154583	19.095819962848516
0.32428133565582506	0.1655715229685354	0.09246556904166008	0.09747618662800517	18.7173770888796	7.241909441845228	2.150817527720405
0.36976515270703547	0.12978572452821271	18.6944065902033
0.36976515270703547	0.15477166418830798	18.91141559737107
0.43050232770679314	0.15477166418830798	18.800230501149542
0.45146988247519537	0.17410227222374036	19.29931023304009
0.5233342905133597	0.31359510163527254	0.5484587815528802	0.16523983807027434	38.70890372426742	19.839091784199365	18.64690878692697
0.35867039139336976	0.4716215476968377	0.16151656308044246	20.859950319130085	18.2763050004558
0.3596536516593007	0.15166551655280597	18.759492374405006
0.37931259738071477	0.15210703333120984	18.826125274790108
0.5744029548730183	0.3833905376509071	0.17930326152592718	41.53885099657305	18.904279058832017
0.45239327612932245	0.39307005297895203	0.1826381378380082	26.761801027433926	19.279614807987613
0.540246286449365	0.4526289158915226	0.1847537168252194	26.247305156788766	19.35160745357263
0.5161626989802695	0.1847537168252194	18.90936675650577
0.47561701792674865	0.17195463708083306	19.07494865542353
0.41238034039152255	0.1610693340269539	19.056506302640916
0.41238034039152255	0.1610693340269539	18.912837402323298
0.6948336531487429	0.3399676881244314	0.1610693340269539	37.98253967387818	18.592797254190845
0.5577489990802413	0.40451608008093193	0.13891452651016115	36.12011480042543	18.324108182876607
0.5076664147775163	0.3651502770951874	0.13891452651016115	36.12011480042543	18.324108182876607
0.5354786202992053	0.31185539105518517	0.15977063658286483	35.80912225565082	18.697839663832013
0.5354786202992053	0.2844570612848462	0.15417962179203973	35.80912225565082	18.697839663832013
0.5986511380835863	0.36764856577137683	0.1760798183606806	35.07134531834461	18.982667648536
0.5986511380835863	0.4026913806459374	0.1760798183606806	35.07134531834461	18.982667648536
0.5986511380835863	0.4026913806459374	0.2511189610158145	0.12339176581206761	34.69934516316775	19.222286130546486	9.034077791295863
0.6321816993381961	0.36080664553141617	0.21763904362084546	0.12339176581206761	36.66509675812197	18.983749209539972	9.0255277806742
0.617102408242994	0.33053616387425394	0.1953711484883841	0.11930354548447825	36.66509675812197	18.983749209539972	9.0255277806742
0.6907995052233596	0.3192762364670167	0.1762314661424076	0.11930354548447825	36.34903907966969	19.297727679161458	8.725541905570747
0.5860412757490525	0.25432665881088934	0.11930354548447825	36.34903907966969	8.725541905570747
0.5860412757490525	0.25432665881088934	0.1240879146601991	37.41286996911277	9.155545813983625
0.5417659768921609	0.25432665881088934	0.13942264880821448	37.41286996911277	9.155545813983625
0.5417659768921609	0.25432665881088934	0.15605461567967677	36.98400482887488	9.16491726874794
0.5305866062246601	0.24039258728259966	0.15110832018197706	36.74285566404854	8.9062461419021
0.5305866062246601	0.24426803258790133	0.12976074988365405	36.89151674687751	8.66922320829162
0.547367174372348	0.24426803258790133	0.12976074988365405	36.89151674687751	8.66922320829162
0.501901804625183	0.23458619469011835	0.12976074988365405	36.89151674687751	8.66922320829162
0.4487327125891013	0.23458619469011835	0.12976074988365405	36.89151674687751	8.66922320829162
0.27194866422119124	0.12976074988365405	9.208404113070301
0.4973890398852895	0.22467258450991512	0.12976074988365405	37.01346861186285	9.18353218058792
0.5370786096930499	0.24287089076847457	0.11229264166891265	35.749536797768876	9.673322984726015
0.6160158706759994	0.24784001508725936	0.11229264166891265	36.47150325071138	9.30962554206607
0.5170297996612588	0.22434368079156589	0.11229264166891265	36.47150325071138	9.30962554206607
0.54013575271096	0.22061239496212187	0.11957018561115533	36.42061309997563	9.279178653845573
0.6276332168267131	0.2431835475743684	0.11957018561115533	35.51705871034326	9.355085081880262
0.743083897901658	0.2542327084379712	0.12162775873626326	35.12759839901691	9.352584449462137
0.6609115599678612	0.2542327084379712	0.12984750665364717	35.447224563652064	9.362089883590956
0.6618394905636121	0.24489202665635693	0.14479803362521182	36.128700519782655	9.453837649220874
0.6325533347699662	0.24489202665635693	0.14032405767365663	0.12754743829315762	36.2045902635881	8.678020247587067	1.437771307560634
0.6325533347699662	0.2352982304200531	0.14032405767365663	0.12913504494003242	36.192615388076995	8.981796420311388	2.6341657993013303
0.6325533347699662	0.2352982304200531	0.1040890006979635	0.12913504494003242	34.59648888382301	9.275555501952036	1.3974004012474381
0.6325533347699662	0.2352982304200531	0.1075256260299926	34.974113942622544	9.145536189799037
0.6088400770368688	0.2352982304200531	0.1075256260299926	35.1011771316442	9.020603300013999
0.6164360983461667	0.22048302695441568	0.09137952361620456	34.6261959268	8.648338557285077
0.6164360983461667	0.22048302695441568	0.10300896330774252	33.956701519560895	9.428126505737108
0.5832435102017293	0.22048302695441568	0.10300896330774252	33.73293844286463	9.36354063353743
0.4878969429342671	0.21957608698982364	0.09874589224433471	33.84643459749193	8.953423935080313
0.29434532471640945	0.10283139053083913	9.014289802380475
0.2900874198279842	0.11075620582381321	9.014289802380475
0.24731531105128526	0.10584251581393402	9.014289802380475
0.27281606737696606	0.09847476447744258	9.08830557011286
0.23072035887445388	0.09888514617619222	8.70415482258713
0.5515585790108436	0.167832880822641	0.09888514617619222	34.5803270845325	8.582746690809177
0.23294465639742912	0.09624123311343673	9.185954932802083
0.23164865665271228	0.11061779093715994	9.398622702823948
0.26680302005501244	0.18839106467682215	0.11061779093715994	17.409055333785304	8.860050624533429
0.26680302005501244	0.1493200408522321	16.616478698058195
0.2906163422762269	0.1415115294093208	15.520369990031657
0.31709691837140563	0.1415115294093208	15.716958473163421
0.37405312690637615	0.2471094626947711	0.1649990284945327	26.89383958623278	16.594965535802345
0.33622985993616794	0.18054134937462946	16.55143298046917
0.28041373005702486	0.16911571534446482	17.148739558117253
0.33942913088035964	0.14096351716490668	17.360087235207605
0.3278537814112318	0.2558140494779608	0.1473269349625358	23.449675666976237	17.370402927983772
0.31069587542174454	0.1473269349625358	17.243728931291685
0.297764397855943	0.1473269349625358	17.229645470973253
0.297764397855943	0.14595446388385763	17.222606090986016
0.3528924320570455	0.125458822907135	17.70624393154308
0.38495665786637057	0.13962804193633227	17.032687092094562
0.32272244809175304	0.16397767683206638	17.549451795761723
0.32272244809175304	0.16397767683206638	17.569797530184058
0.6149441499570659	0.3297575692566382	0.1689719233449126	43.75622463109018	17.573277260259818
0.3171265038006741	0.19133608041676356	17.573277260259818
0.3154839263422628	0.17890308883128184	17.576043493953073
0.2988066030262351	0.18398103492166523	18.015102118004815
0.2988066030262351	0.18398103492166523	17.766300255039265
0.23160231484883753	0.37431866841481826	0.18398103492166523	30.932580080542333	17.609175831375495
0.33094688512794296	0.18398103492166523	17.797798746912097
0.33094688512794296	0.18398103492166523	17.646606216730344
0.2789195973538861	0.17833918889175404	17.43158901129964
0.3282615389746853	0.16821228896119414	17.445033058024812
0.3771996276730568	0.15636743196107836	17.61231026724045
0.3771996276730568	0.15636743196107836	17.515818118703447
1.1990126020829084	0.34382730002192924	0.17419805834718166	0.14167577408819168	43.280943473084434	17.460526141579656	9.176917253282737
0.8538086727277108	0.34382730002192924	0.15626928819386376	43.58000314513837	17.408578195767216
0.6929520712785119	0.38559691424062326	0.17116708410246315	44.089036278914385	17.616198377500933
0.5705853745793619	0.3565771773555267	0.17116708410246315	35.75072909532717	17.7325962838303
0.4507734496108219	0.88323634438826	0.2989728849843182	0.33049908116305926	0.15890495972976906	38.87505827960784	35.63144412553999	22.71719845717606	17.863749877085844
0.3979714668722339	0.8219159364734422	0.3182414580205035	0.1747120190227168	38.79224467400568	35.08179150569663	18.681248127413536
0.4655592576808301	0.7396210096801021	0.3196211997319319	0.15701624624197982	37.80562610774098	34.30978809860877	18.97425541288454
0.4456864058637946	0.3199762770074013	0.18483798084479913	35.127393167186064	18.513143161503987
0.5843882833441985	0.28497802473039036	0.15544166515786284	43.41415063373725	18.315829778443803
0.2985954161261057	0.15544166515786284	18.772972585164922
0.2975944118988012	0.14405232955449554	19.692097597514746
0.304118467376515	0.15867590841158088	19.317769807487885
0.38542935940560835	0.16625146423702436	19.597423201943
0.4375583019640897	0.13479754368991556	19.650764618727287
0.4375583019640897	0.1649634649111963	0.13087812447749045	20.23561762991912	8.347145485125964
0.37791469023424756	0.1441963155927291	19.47115819804614
0.39845522913092907	0.1661332576331137	19.753196808908687
0.39845522913092907	0.1661332576331137	19.64621920977168
0.39845522913092907	0.1661332576331137	19.6418845291744
0.39845522913092907	0.17885945060663438	19.76650200501766
0.35083345541834415	0.4326193809666876	0.15697373121620986	40.87205084839464	19.76650200501766
0.3691422122509204	0.15096792070249057	19.465750477704983
0.38917316437411215	0.5690629739927751	0.1711207327411508	21.052990054842926	19.111904548582075
0.4003505315130791	0.1711207327411508	19.282062314805934
0.4003505315130791	0.17292508415096458	19.242011174420096
0.5420868312908188	0.32711392387508437	0.14555070001323434	32.002205256488566	19.40553543780557
0.5121580405203694	0.32711392387508437	0.16642064667521664	31.5395754624886	19.153087427901138
0.5121580405203694	0.32711392387508437	0.16642064667521664	31.89628586267206	19.18764530960436
0.6242844420774466	0.32711392387508437	0.14637675737175174	32.635212902848316	19.6365582000971
0.6708209533013505	0.305303853215847	0.18955559109584771	0.1228002315447571	32.51902657438371	19.592345174087576	9.275068289454032
0.6969604792478119	0.3641310680660059	0.18955559109584771	0.1228002315447571	32.26201030321784	19.77888765665399	8.49713941711709
0.6516689707799463	0.35545093381490445	0.1591066115910978	32.538582984259236	19.731958278365486
0.6516689707799463	0.35545093381490445	0.1591066115910978	32.37152047650834	19.409197727045473
0.4262074098436591	0.1591066115910978	19.50097984981231
0.3832011475736278	0.1573238573212552	19.154900319922522
0.3832011475736278	0.16931276941014378	18.87677148788727
0.4134959593059186	0.2222431999125108	0.1416140406413474	19.040929166213516	9.489315091995282
0.35015041030590316	0.41542903891979105	0.16807594278876897	34.71267251308022	18.900300480901027
0.39217451085412874	0.16807594278876897	19.555304154478595
0.3939347162546102	0.1850470180201013	19.91966668973352
0.3939347162546102	0.1852614667676431	18.740641492283157
0.3976920256566156	0.16274335813683977	18.95541162559796
0.458623316734248	0.19886433440939416	19.518993596606375
0.458623316734248	0.19886433440939416	19.081368254751965
0.458623316734248	0.18823008686181764	19.094198094916305
0.458623316734248	0.18823008686181764	18.796496208764715
0.458623316734248	0.18823008686181764	19.029366864261736
0.3501262857101329	0.17985326112942304	19.314736816859163
0.3501262857101329	0.17985326112942304	19.083726883268977
0.3500507432768947	0.17985326112942304	19.285401005709346
0.3500507432768947	0.17985326112942304	19.158981022595277
0.373102758806563	0.17985326112942304	19.065172647106216
0.373102758806563	0.17985326112942304	18.966556236986555
0.4058696267944139	0.17039416890729722	18.8027716745505
1.2500247723309708	0.37031324861196663	0.18911695928587005	43.103996084947454	19.64914837546341
0.45396847028112863	0.16797914188451235	19.593244812220416
0.47966266266624474	0.1630670618431917	19.366406797651358
0.5862671324751458	0.3108514367190837	0.1630670618431917	29.775054543576488	19.562155292879925
0.3832596929437793	0.1630670618431917	19.582481376692456
0.3832596929437793	0.1682571639875942	19.06707754016478
0.39007393881069563	0.16329547069104988	19.3571762177837
0.41407915980391874	0.16329547069104988	19.226259830314206
0.46321822520390005	0.4150455110916069	0.16329547069104988	33.78821954936892	19.293349070001746
0.4278690988919637	0.1605944970888076	18.97690687091355
0.4278690988919637	0.1605944970888076	19.44786574270757
0.4830183462972099	0.15590612500410916	19.654365110440303
0.4830183462972099	0.15590612500410916	19.668158232670983
0.40805723672301775	0.1316327904980011	18.85488630236403
0.5983421343715623	0.3119582604122428	0.1316327904980011	33.68533006972589	18.086915639200587
0.5969777445409898	0.31686316087597677	0.1316327904980011	33.86698814699039	17.153365182150136
0.5969777445409898	0.31228962488628265	0.1316327904980011	33.964036826579715	17.306165818193826
0.380253455411978	0.14132679855915917	17.501613159264217
0.3737939480971813	0.14132679855915917	18.057376888738975
0.41162374708206306	0.2847928873340497	0.1524304308107247	29.380252748876014	17.85908178464104
0.35138059370539615	0.1524304308107247	17.922812845541706
0.35138059370539615	0.1644510461243954	17.87130717515116
0.35138059370539615	0.15453118692452547	18.517749157727597
0.3873228584809685	0.15453118692452547	17.433700943950537
0.3873228584809685	0.15453118692452547	17.935493268012852
0.43395919591100607	0.15453118692452547	17.98118685358386
0.40336576739047264	0.15045028032387353	17.862704706081693
0.4205528270427397	0.15033090780625918	17.862704706081693
0.4249105098051528	0.1375502991166732	17.592626369104575
0.355610541459865	0.16596725908342463	17.9134373597317
0.3222452716069719	0.17054597072556626	19.17545077432671
0.3777799182821342	0.1893571591929285	0.15016211573238447	19.69717284187871	8.775508450873996
0.3905810599596164	0.16709283736374764	18.499690186491925
0.3905810599596164	0.19543583053502767	0.14196667719218725	19.957780503059848	8.277446830770261
0.3905810599596164	0.21384307092299626	0.1408878770469086	19.221798608892083	8.516538709622635
0.3905810599596164	0.21986941913409805	0.1076843531230695	18.806548837893203	9.029931526082486
0.6453331324628192	0.3654514008178061	0.21986941913409805	0.1076843531230695	33.526837946941434	19.606657770486716	8.74503979560568
0.40541913429179943	0.16087110109196479	19.725230675150634
0.3407216280642153	0.43166893859967914	0.14692828065494354	42.39391535298334	19.725230675150634
0.40187733222042377	0.14987945248501813	19.868064799883783
0.40187733222042377	0.1633007945138005	19.35338029184919
0.39425678899165667	0.19119790548711563	19.869768746058845
0.38696138864112045	0.17963992068725204	19.075010304658502
0.38696138864112045	0.16639264863548855	19.925472222322558
0.46177930289136687	0.16639264863548855	19.201955981884282
0.4792593126840564	0.16639264863548855	19.68950675736785
0.4792593126840564	0.14608627913974867	19.802390124277984
0.46065972658555426	0.12982409834355377	19.45511045006316
0.47849351583565547	0.14672987982798327	19.691230183880666
0.4726433565449617	0.17091959186158348	19.754272739433446
0.4498935968871913	0.17091959186158348	19.72432033607473
0.4856928833847758	0.17091959186158348	19.607402773401944
0.4856928833847758	0.17091959186158348	19.996508051893958
0.47589680068658513	0.15630332516799586	19.72960801744271
0.40840193564534977	0.16413543549392226	19.776392386381172
0.40840193564534977	0.16413543549392226	19.22914719621375
0.3954336319078065	0.16413543549392226	19.455877585583487
0.371241701686243	0.17204375009453396	19.67941092105722
0.3760813182075277	0.17204375009453396	19.515402124620024
0.4662259422102569	0.18861748979670617	20.00090048979505
0.4357698906659202	0.18861748979670617	19.70696023358141
0.386146206978459	0.15781291291563276	19.660411225975025
0.38528653634589105	0.604849251894483	0.15781291291563276	22.943819163912785	19.61265197239692
0.38528653634589105	0.604849251894483	0.1816486097164249	23.286136695653898	19.926000451037282
0.4091344014565439	0.1597767302146042	19.978494864466807
0.3478420690849235	0.16702114570131932	19.80623330934931
0.5956003296292862	0.38023800623972315	0.17854099170364152	33.823930694041515	19.845598272764672
0.6547373362779014	0.37673394419124256	0.15659100779079294	34.10527298329631	19.793090267344223
0.4663179938222903	0.15659100779079294	18.84673095294665
0.4050088069851787	0.1758443752290599	19.86210099879862
0.4050088069851787	0.16407956760134645	19.8240114908868
0.3858072503794816	0.16828925571126677	19.46787106890666
0.4132026737753696	0.17673446882518618	19.500822777567496
0.4893709992928264	0.21047192632433526	19.500822777567496
0.40904035965701907	0.1823343023175662	19.500822777567496
0.40904035965701907	0.1823343023175662	18.885596242385475
0.46941876228498886	0.15555149128888476	19.689403775815972
0.5269303453692329	0.1958847562068366	0.08890103837083267	19.723062173491417	8.637946617399873
0.6125891648302806	0.49053600931747127	0.1544362819197635	37.56143594116	19.923890281267557
0.385376759933456	0.1544362819197635	19.923890281267557
0.4369683691926039	0.14333005336000143	19.923890281267557
0.4369683691926039	0.14333005336000143	19.923890281267557
0.44978192920309307	0.17055384675120305	19.923890281267557
0.362082508207562	0.14737641435457874	19.46509756420976
0.37149148788755276	0.14737641435457874	19.46509756420976
0.37149148788755276	0.14737641435457874	19.550426533144464
0.41069834387525833	0.15375616515489615	19.382294964120266
0.4360037255634474	0.1513082863460492	19.62013290215814
0.5153416347732009	0.15594971772664248	19.434594658233493
0.5111261336344537	0.15594971772664248	19.63793483486194
0.5111261336344537	0.15594971772664248	20.053377656088447
0.4375573449044543	0.18238939205964144	19.726423772285255
0.4375573449044543	0.18238939205964144	18.91100444409463
0.4375573449044543	0.17006603548342417	18.89255889632966
0.4481093100738101	0.17006603548342417	18.89255889632966
0.37526332341692675	0.1527177311134844	19.0986023812209
0.37526332341692675	0.1527177311134844	19.610723029137084
0.37526332341692675	0.1527177311134844	19.27951809408014
0.3754790245126101	0.1527177311134844	18.895688075529122
0.3900769709438521	0.1772444541780951	18.915400522029405
0.3177885504949024	0.41908393845453984	0.19296526016137563	25.03831463101737	20.131990029657725
0.3899610865511191	0.16326510630978647	19.72700258883437
0.3899610865511191	0.1747908557984957	19.39364813961753
0.3899610865511191	0.1747908557984957	19.39364813961753
0.3323808724207244	0.1669437869165392	19.16659375324648
0.320527345346583	0.16256488301319408	18.982763960585885
0.320527345346583	0.1642061592750564	19.449934147531575
0.320527345346583	0.1642061592750564	19.678956111412397
0.21908750288495543	0.3557671480764721	0.1642061592750564	39.376200698070235	18.282320186638916
0.3191294067809689	0.1642061592750564	18.80569468868863
0.31595437272488414	0.1642061592750564	18.685424928375372
0.3526539777509683	0.1642061592750564	18.932115197816614
0.3579434507900723	0.1487274816117542	19.170904052039525
0.42501009641659476	0.16089341990212733	19.32312979828836
0.42501009641659476	0.16089341990212733	20.278520527499097
0.4289272037676562	0.16089341990212733	19.303532865016617
0.41147820790420725	0.3314820899982679	0.24072605654722645	0.09875942220310503	27.332736651038626	19.431892580089563	9.08225666947593
1.0608409702415666	0.3521334426501414	0.227273599718939	0.10489507985573511	44.3189162215534	19.395833031430875	9.525405487005381
1.2326404531116855	0.4526024559418588	0.17380062731841958	0.1624053455636677	44.04905106817993	19.832154108687835	13.848591875380052
0.4692012038335544	0.1925523407870197	0.16454811641958939	19.832154108687835	13.848591875380052
0.4751845215458973	0.1955161830171244	19.843331132744705
1.306987619084281	0.38664487175916845	0.1955161830171244	40.80611496308221	19.44785236175269
0.6957933657204209	0.40720085825259367	0.1981174309388264	36.05406866248535	19.94599424904686
0.8667101025747642	0.2852924407952295	0.20837056947967195	37.119935004457744	19.738275432860547
0.4219548263519395	0.17621504278079106	19.65685176085117
0.38319270424389396	0.2079210475027472	18.614831815478595
0.38319270424389396	0.2079210475027472	18.756198758525713
0.4187098652731368	0.18204204786078967	18.756198758525713
0.40723915041136044	0.17838005502620988	18.653828594778602
0.45329048361856733	0.14044809658210192	19.196393070033185
0.44922018555075915	0.5012018413209107	0.16399044355275966	0.1649015941407722	38.5239772002102	19.459047128297765	18.143984327005448
0.3777025641110384	0.40506787383193404	0.16866476557553625	0.1828365660342342	38.25734076044979	19.50896954145931	17.311778293780634
0.3579770333883931	0.40506787383193404	0.17245354714233727	38.85026467994976	19.049477422501873
0.3579770333883931	0.40506787383193404	0.17245354714233727	38.85026467994976	19.049477422501873
0.6423846297439901	0.3172337773758637	0.17245354714233727	36.88518341522988	19.084262447526346
0.4088436634049775	0.15947851663999432	18.6768463552654
0.4156729900804921	0.19942497053564667	19.08917884362584
0.4156729900804921	0.19942497053564667	19.07300408219826
0.47249389315278667	0.19942497053564667	20.05563222396146
0.4287904338779373	0.19942497053564667	20.025026270621225
0.3927905483717913	0.17207400768565534	20.025026270621225
0.42423151793302355	0.17207400768565534	19.99470418686215
0.5630495353163261	0.14168857054881864	19.60270630878701
0.5630495353163261	0.15276108586062412	19.63049818071513
0.5295986603153588	0.15836108888597727	19.63049818071513
0.4413940103148059	0.15836108888597727	19.63049818071513
0.4413940103148059	0.15836108888597727	19.63049818071513
0.9995496664223082	0.41778187466893085	0.14090400615682183	38.84261828696897	19.63049818071513
0.4935962515767885	0.15091641137205541	19.659659327902872
0.6124558288279347	0.42503240738930753	0.177206426382517	36.089701534948446	19.56111254933806
0.5293431512398185	0.4081247969480559	0.1587216560201602	36.059846251923844	18.87511518995928
0.6187805727482205	0.4749483428978619	0.1769996470591285	34.82760812430005	19.124804527996524
0.5127161213231728	0.4749483428978619	0.19112415486136228	34.03709634618077	19.224669154535615
0.21441473050164828	0.6092114727751606	0.40778419056856885	0.17216629397448235	43.611614142743996	33.46918609891602	18.800262524936716
0.21441473050164828	0.5527875905057407	0.40778419056856885	0.15527436949169998	43.124713016505815	33.431405947126535	19.003322769954814
0.18558550123790515	0.4169880230754877	0.1600053688871846	43.14581719340252	18.86375295971523
0.39192973769391376	0.2097020148495108	0.11938407104254524	18.86375295971523	9.057150666016618
0.4234653362257581	0.3552113202526563	0.2097020148495108	0.11938407104254524	30.42034059210791	18.82530836727947	9.759200075602717
0.37870290633582043	0.19557648913757283	0.11938407104254524	18.68969388926269	9.461349243397036
0.333836610592456	0.16458410374881677	0.14145696980593472	18.184092147495665	9.237820666028638
0.4074771618643244	0.18010450913615036	0.15119242877333966	18.921557100690553	8.186949255034119
0.4074771618643244	0.18010450913615036	0.13612682101680873	19.40531028634351	7.754328722358558
0.45964700475191855	0.17045001513413688	0.14467938489733342	19.796806198654686	8.157202938388622
0.434948993919786	0.16307052192112428	0.09641820834383101	19.649014507450975	2.3253087166123585
0.4252117610052133	0.15323847345827143	19.66802531409086
0.4252117610052133	0.14985442170413926	19.600171794387972
0.4252117610052133	0.17203971489693515	19.83528786841013
0.3695946863771055	0.23614239847861246	0.16520122939490506	19.779648741713167	18.58959525849927
0.36315882490597845	0.16520122939490506	18.93933327788068
0.3415690169560317	0.09866175462236777	0.17884055324203318	18.132238213206275	14.431965181655535
0.33621469280588845	0.08504253331335475	0.18893395290202739	17.916054785626635	14.327723480417294
0.6363501875576918	0.3007594210733344	0.0924953841423023	0.18893395290202739	37.19474485302804	17.716984386130985	14.73685334906664
0.6092996963208646	0.2842237136523679	0.0882260564808461	0.17617161047725968	37.19474485302804	17.716984386130985	14.73685334906664
0.41564297456143307	0.1408455550803799	17.585908110514175
0.2479031454113296	0.44962571128208667	0.1673431242750397	41.539471395232816	17.738951836282638
0.3514870869081103	0.18597616776285208	17.579774307604726
0.3514870869081103	0.18237654086104557	17.46917582281663
0.40997887242640857	0.1570509287719246	17.750742045096445
0.4853681208962284	0.14073697630178808	17.552661596766242
0.4643658627411307	0.1489346382459703	17.491065292434364
0.4643658627411307	0.1489346382459703	17.60414600226261
0.4643658627411307	0.1489346382459703	17.60414600226261
0.45974819482058105	0.16883129279208456	17.321775894376106
0.5233229530467839	0.44214589306848656	0.16883129279208456	35.22828781318389	17.72086884894795
0.24350308316818967	0.9021519094416496	0.3496735884081604	0.15139316685663456	40.067822594094956	35.33746971326917	17.696877872451918
0.21358814076971683	0.882873182377311	0.34716957708090873	0.1618188798356027	39.93238132803141	35.74226195875864	17.676476102606642
0.21842419195199364	0.8413527963784346	0.36602616490871426	0.1390220824365846	39.625440523320776	35.747037406795954	17.758291596228926
0.17929561650028264	0.8413527963784346	0.36917812120615384	0.13191831155776054	39.30939107534508	35.77215780987112	18.023166087672468
0.19951433641621563	0.8366839622533424	0.4172476245506734	0.13191831155776054	38.88758166213349	35.44046335926064	17.83201791483627
0.21373143768263125	0.8692840725935027	0.36777776451004107	0.16681204242264594	38.401152413597345	35.73469178102021	18.219052101987025
0.23854877698763363	0.6414900435135499	0.3603934225416382	0.143178611197836	38.869480369566084	35.88775862702287	17.854200633266323
0.19904920818944868	0.7309786333259195	0.33048959111338744	0.14901891989177116	38.36921495687562	35.877480275325944	17.549821818601732
0.21813739964433193	0.6498757584378412	0.36940188116666994	0.12877146455719676	38.653890393855356	35.95063879667305	17.538327511206194
0.20593479307730872	0.7653678757955469	0.37308862932359504	0.13890270557036735	37.39486880755311	36.123880515588795	18.06795007593738
0.2713873010163486	0.8922309029356967	0.34913307771044805	0.1680065289189939	37.39486880755311	36.123880515588795	18.06795007593738
0.2795272015668541	0.8170927179713408	0.300271022481318	0.1787662413652634	37.39486880755311	36.123880515588795	18.06795007593738
0.30369478993080795	0.9646740315178598	0.300271022481318	0.1787662413652634	37.852763968708956	36.06736875157359	17.63416562233625
0.30369478993080795	0.9646740315178598	0.3380351085328626	0.1787662413652634	37.69930336957155	36.11224513671095	17.816996416659233
0.27103327583658465	1.1043536962135232	0.3380351085328626	0.1778045649265066	37.69930336957155	36.11224513671095	17.816996416659233
0.27103327583658465	1.1043536962135232	0.3705792900276708	0.1778045649265066	37.69930336957155	36.11224513671095	17.816996416659233
0.2508743453162312	1.1248165676481787	0.36496389928593453	0.13032334129529533	38.05446023286348	35.815427379420136	18.015022912336125
0.30355516567195495	1.3031351252303525	0.44218160218588753	0.1358178521801224	38.05446023286348	35.815427379420136	18.015022912336125
0.27565847562361484	1.2456495422000953	0.3825872838376144	0.15696242480757525	38.04428805881444	36.36827034825683	17.35177714206164
0.3171678092087158	1.4417652498413969	0.3258496032300045	0.1565002567771267	37.557393532007524	35.767060155436084	17.60281495303881
0.35456107238106	1.2648199850984978	0.3250629015204373	0.15470535197965873	37.37099772684201	36.139500703806206	17.508797541094157
0.30452024127592925	1.4899569231728647	0.3250629015204373	0.153374992281655	37.37099772684201	36.139500703806206	17.508797541094157
0.28137387344622383	1.2893047059042253	0.3133394520599228	0.16113864813050202	37.586934805502594	35.50016472153302	17.995792560885352
0.28137387344622383	1.4978558822244623	0.29075689163023577	0.1824455505195547	37.586934805502594	35.50016472153302	17.995792560885352
0.2818623941316986	1.4978558822244623	0.29075689163023577	0.1824455505195547	38.34223645598164	35.257641503219354	17.557260758592676
0.24064109240288034	1.545350069652585	0.29075689163023577	0.15846556958097446	38.50232972039676	35.161038684704586	17.984670253426817
0.21731640218905765	1.610654832075682	0.2456728735402299	0.12308630072250905	38.87662768437279	35.448735583958616	8.849041571262788
0.23914742390997232	1.648790896524657	0.20728249535393306	0.1335078867388727	39.207589523967826	35.60097446345285	8.900677444347231
0.23546880512371057	1.4083085231646895	0.20728249535393306	0.12351798700042253	38.8321076816003	36.04193852070455	8.65295215348308
0.24913961270852375	1.138165379465582	0.22308447707160667	0.1098848369983356	38.71227259981554	35.94644925824462	8.919373004196677
0.21238143961477354	1.0412280626250718	0.23462016355361576	0.1098848369983356	39.62467803067628	34.17884534826961	8.456503172810871
0.2691780998334694	0.775268685891256	0.22107735513702742	0.11508519311010686	39.01782189824857	33.71330712068095	9.578436765193162
0.363143487770956	0.22785065697984844	0.13646391117255482	34.787636057836025	8.933589857081271
0.32629546718169455	0.213155726190597	0.14147753484950168	34.89038564754202	9.454542994247415
0.32739108873545447	0.21000841321833044	0.1567719808936869	34.03882412796152	9.387003853029324
0.24481639500444852	0.16965610276291943	9.29087083503933
0.28286539485065176	0.1584791462255938	8.945366125774132
0.28286539485065176	0.1584791462255938	9.381122361150394
0.27123823820663173	0.16512680117509948	8.913015435782436
0.25734529186172117	0.1435425913055331	8.702022457280126
0.31402161006736967	0.23357741881739563	0.13268721583664253	15.173459780422796	8.752988108629417
0.3171153563084837	0.17028641718810233	14.650467918145601
0.29619602395062256	0.17028641718810233	15.977509392919657
0.29865713209445965	0.17028641718810233	15.451922195842275
0.298236184270546	0.17028641718810233	16.6295714281655
0.3088455678143327	0.16828164905998944	16.6295714281655
0.29916889377474565	0.16828164905998944	17.67134499302543
0.3313628078043078	0.14397599919225335	17.754904583853367
0.3295324745694102	0.15632625065661554	17.754306553709092
0.30273867838779883	0.3691408714264976	0.15681249924185287	26.092648510442743	17.625452076468598
0.33581395566134714	0.15568517409463972	18.365616540356005
0.3951369196086092	0.16765184266632494	0.15445933716074672	17.50518675488663	8.512982246449258
0.3951369196086092	0.16062937295690682	17.666568928455078
0.3718063934703528	0.17059020536926112	17.773036844385636
0.37180639347035277	0.1567331066658739	18.3103933238603
0.4347108943912301	0.14277514830499177	18.374483734678236
0.4347108943912301	0.14277514830499177	17.61187926772173
0.44089899442548486	0.16240280989467745	18.133432323413672
0.43330585484076745	0.16526861657799166	17.661635876198854
0.4563985102902659	0.1349484043501925	18.0660938959752
0.44312671462977216	0.1325451112684018	18.023897221394115
0.422802130194345	0.1710551765039268	18.154492305960236
0.4128499554803856	0.1710551765039268	18.57359522321827
0.4251279978432255	0.14416454400255316	18.652945833543026
0.5044047162969733	0.15468112043328933	18.568751573028678
0.4480501860829847	0.15468112043328933	19.57117039052184
0.4398374042043358	0.14808330718398757	19.57117039052184
0.38884052253134105	0.14808330718398757	19.540107005242252
0.38884052253134105	0.14808330718398757	18.999641469359272
0.3487867670369525	0.16904782314056363	19.979728671689482
0.3487867670369525	0.21089982129741786	19.073015714216822
0.34803868911892766	0.2145486496925062	19.56483579360742
0.3366215414611477	0.2145486496925062	19.14409241432411
0.2968163203691177	0.14471251654474465	18.324134871375986
