0.769039744055115
0.42917764653760426
0.3126000541494432
0.2601272633755194
0.19129455891340025
0.19616478678844873
0.1956463265780703
0.18035478925161058
0.18512689911042476
0.17696626806732027
0.2000943942961992
0.21134754616055418	0.23576942416293117	11.166456135153073
0.17177380815190013
0.16748434638389909
0.2964830658995206	0.18140995870585022	26.27121580397638
0.30862351356488404	0.1760937806089838	26.52829875482095
0.19015533645304958	0.3157712400179072	10.011091472221757
0.15880895944003887	0.3095444002659345	9.224004651061582
0.14915524580099535	0.23860097574383163	0.4538028140950095	9.981750238705706	2.1322342314798424
0.12815209619346504	0.26826447306447115	0.5412924092794799	10.44312544086622	1.4735157457217518
0.1840803180461922	0.5848482937557107	2.287414709511257
0.28021579048300027	0.15933626252688782	0.5848482937557107	30.00922845670482	2.443469038819284
0.25339124295621196	0.16298970727910986	0.5898908203625601	29.848848669281963	2.0677384658968982
0.2992205513835454	0.1411623927061737	0.5898908203625601	29.848848669281963	2.0677384658968982
0.2992205513835454	0.1411623927061737	0.5898908203625601	30.032186338079057	2.039160169210317
0.3087709956494789	0.15481405173218143	0.5898908203625601	30.952222398710028	2.169133953624728
0.4888119463131882	0.1751335109707201	0.6162663303149667	41.37888064435537	1.9773098565968723
0.4888119463131882	0.18848195333569379	0.5258392436714862	41.32209040183331	1.7665435899398862
0.20462462379911728	0.4404043368756711	2.363877418269075
0.20462462379911728	0.4404043368756711	2.160123959877527
0.16553413944522918	0.17257908663518726	0.4334996060056409	3.4184168064330933	2.304185577875678
0.17560175716963808	0.4831317685595419	1.5965958171018264
0.16516309124056533	0.48568095485414997	1.3418922474324213
0.1667152057191738	0.5365039359546079	1.643787431700209
0.16405401814768666	0.6692375668262261	1.5584938796198855
0.1703796204626385	0.6255461608021556	1.5536269684521813
0.18071716934130938	0.7255390647578035	1.7502031517058634
0.1702779593947158	0.24719442216921503	0.6537970079044275	12.197568833870248	1.6594834724409016
0.19552760459844376	0.23313871076672124	0.7691221176695772	12.488643506970613	1.9298323330696698
0.170555253866662	0.6141177616811808	1.9062664475790019
0.15963125621370547	0.628605586433418	1.8337384535199988
0.16101292017688165	0.5996542965460944	1.853595054877514
0.17626293975032048	0.6893451604696789	1.5342846415581608
0.16750843219003597	0.6570833199085614	2.224108850835891
0.17957952514672867	0.7032430282652212	2.4542469538416514
0.17957952514672867	0.8104358075205804	2.123718550043062
0.2053236906566845	0.8877608497077192	2.123718550043062
0.32976555394962787	0.156240359350983	0.8877608497077192	25.666736367041242	2.1648099618534404
0.32976555394962787	0.156240359350983	0.8877608497077192	25.562495317886178	2.1503633638022603
0.20298086977876925	0.872725978406481	2.4162849814566942
0.19741624145744746	0.2611199610823499	0.872725978406481	6.664679774696118	2.4162849814566942
0.2045708894220889	0.28669618997121055	0.9296266185974456	6.584313351977897	1.6128355714600155
0.1823447547276821	0.9031633978135851	1.9526414395693115
0.1823447547276821	0.8341611146053748	2.182530364091309
0.17893304451215644	0.1994662356170008	0.8341611146053748	9.654585531459738	2.182530364091309
0.15136559434166696	0.19990235982942753	0.7469441954744377	9.843614395258228	2.194647940392181
0.17404985934929149	0.14111127351703165	0.21037628142013023	0.8259610440542109	28.681262254123645	9.562654946995385	2.0924332667397234
0.21347755612732786	0.12508625154187714	0.24144639136693544	0.9111554168094246	29.243663695393177	9.928692864778464	2.1132485608667353
0.2201897185256736	0.12444456299215366	0.21250113292949946	0.9111554168094246	29.77950476245653	9.58521275192295	2.1711943215149887
0.2201897185256736	0.1359124119647937	0.23362469140027867	1.0691193609907519	29.549431006705476	9.978746098463471	1.82062806251021
0.167618328562663	0.23362469140027867	1.0691193609907519	10.372487226629698	2.209628075839912
0.17853665567093846	1.0691193609907519	2.17433640870255
0.16133651453563583	0.9762373680287573	2.4272878398204183
0.1602917772335463	1.0578058965408041	2.2875096315359094
0.1602917772335463	1.0578058965408041	2.3928948827835255
0.23295544185024192	0.14457934442920634	1.1019358522239973	27.94982128599473	2.1368049946912886
0.17796279566336487	0.9025046784572853	2.3417884306260195
0.2708382420530998	0.15873491128881967	0.595044294346647	27.81731936045963	2.2437047357796254
0.27715181609532347	0.15813924491512135	0.6659150338604043	28.03946685214688	1.8802019450167775
0.1810821578641545	0.5676232079332245	0.15813924491512135	0.6533929029049554	30.879163905177528	28.47265294101024	2.256560582944343
0.2545225148789229	0.607096224479511	0.1395802610385619	0.8441370519804183	31.408972058197634	28.73104941024073	2.262643596951838
0.2932703743882894	0.1490702409699982	0.9218448506275994	28.450318387062257	2.2392807784090185
0.27129611396654335	0.17304491013136344	0.6536248908091093	28.450318387062257	2.2392807784090185
0.27129611396654335	0.16345528394189998	0.15813697223117998	0.6536248908091093	28.563249209638673	10.751904923600971	2.175017138436096
0.2240104433921858	0.13630595934642348	0.20156877841053855	0.6536248908091093	28.897807969187905	10.420560724595223	2.2776978184640724
0.2240104433921858	0.13877750132146058	0.21069602014061972	0.6536248908091093	28.473037805902337	10.5610020283749	2.5187759394464053
0.23345990099727024	0.16715174185660958	0.5844773370398867	27.671213439640134	2.014552624856593
0.20573515502874096	0.16715174185660958	0.5844773370398867	27.0420838691786	2.0895838575917125
0.19646481587372694	0.5703611098351864	2.1184647454437555
0.1850098591409927	0.5703611098351864	2.8016351331035434
0.1850098591409927	0.5703611098351864	2.125722163026512
0.1850098591409927	0.48873201597731336	2.050626934875571
0.18230232679737135	0.6689323064466094	1.7392434230519331
0.18230232679737135	0.7910799859062062	2.0003374309741666
0.19275300554019978	0.7787148569467035	1.9378395637832946
0.19265202820748556	0.7787148569467035	2.072754606470549
0.19134545479895748	0.941755248587385	1.7634323556016742
0.16914273808500352	0.9063897631249456	1.7417182796438089
0.18884944031639583	0.9308421318278501	1.8425414491001137
0.16676480384120113	0.8094048608418909	1.716480078277628
0.17392179296346078	0.8113323961305935	1.775885437237544
0.17392179296346078	0.8113323961305935	1.6882010234426152
0.17423696020556276	0.6671851754951863	1.7769914410898497
0.17423696020556276	0.6671851754951863	1.8947888463346914
0.1890691698982084	0.6535088359246265	1.7904195972019075
0.1890691698982084	0.6535088359246265	1.7837122291606744
0.14701878221857292	0.5203830442330453	1.7633521467165485
0.15050122009444808	0.5430767604121489	1.730283013397354
0.15639425629671116	0.6264681706603561	1.7968759901201004
0.18113125600903268	0.6120445977213829	1.9575525832784246
0.18113125600903268	0.5799449445325324	1.9767068313597596
0.16206447696139065	0.519016166267421	1.9128175426347336
0.18428693948749006	0.4676040238412893	2.5576849140225435
0.19421837726732463	0.5167713118417904	2.4100249438343084
0.1691736020583913	0.5167713118417904	2.1611828088943286
0.16303526049873143	0.489903721384257	2.7022547117676745
0.17979297631429356	0.590616875136825	2.39874088306358
0.1869025750024937	0.5904215515509521	2.343964900586596
0.164228831526873	0.2390038532593107	0.5863361459440892	7.91653159461232	2.457089400000988
0.164228831526873	0.2136367698728118	0.5863361459440892	9.329968778316706	2.855418341618458
0.1705243973411491	0.5863361459440892	3.3944386046390953
0.15176014781762961	0.6120282741614921	2.9397217483727607
0.1451810228346985	0.7235189217376381	2.60944772356745
0.1451810228346985	0.7235189217376381	2.881996744819955
0.15814287847813663	0.60293670766219	2.8319583426811907
0.15344786671376992	0.20628304013959964	0.5378189555229327	7.280375564798312	2.9846772779339505
0.15300940881614447	0.5378189555229327	2.798731785770557
0.15547552399388512	0.5378189555229327	2.793629449283329
0.17616828432442197	0.6299215262421849	2.0457444659953303
0.1858922941931687	0.7358533387795848	2.7928502733478995
0.18692014595939463	0.7358533387795848	3.068650042672734
0.17768221995829175	0.7358533387795848	1.9408015478928906
0.1497646632542106	0.8041244941463758	2.2948505183444494
0.1872132252931733	0.11995617543657196	0.7483789561211284	16.580104211330248	2.1826938316992854
0.1654922336068623	0.7824464332042325	2.1517344976771144
0.1654922336068623	0.7824464332042325	2.0959428484543867
0.18740702112376292	0.6976456241078985	2.6116032919658765
0.18740702112376292	0.7516558979038157	1.822580732152266
0.18740702112376292	0.7516558979038157	1.0118601612171778
0.18740702112376292	0.7516558979038157	1.008563104832968
0.17114018082596952	0.7982336471370526	1.0194937822184176
0.17114018082596952	0.7982336471370526	1.0194937822184176
0.18298204464473097	0.8528247158054091	1.0955538826837534
0.2004302193577443	0.9269230617444654	1.0955538826837534
0.3890440114355755	0.18128478406496187	0.9842526190749608	39.89218191422201	1.124488939010377
0.4347371956561598	0.2476533527268806	0.16118354958314737	0.9842526190749608	39.89218191422201	29.877177029572398	1.124488939010377
0.28422199563054873	0.13218894743844717	0.1970968152236331	0.9842526190749608	29.881408203539856	19.40935347721251	1.0642919946015423
0.2454136090013523	0.13218894743844717	0.1970968152236331	1.1276881376699248	29.770293002961015	19.097550312336836	1.0177076074515707
0.24755395764925137	0.16027433036190297	1.1326593380021914	29.770293002961015	1.0177076074515707
0.17718518819749693	1.1115890360731573	1.0565478523515563
0.17718518819749693	1.0057924700641894	1.0565478523515563
0.17718518819749693	1.0242078751220474	1.1013223051181882
0.1803189025809149	1.0242078751220474	1.1013223051181882
0.1803189025809149	1.0899653859443226	1.1437095277095453
0.17764369229494628	1.1145310504444628	1.164410594224449
0.1965950015392153	0.9583378544299741	1.1146662809076084
0.1965950015392153	0.981194929886843	1.1146662809076084
0.20570463276099873	0.8973870069494094	1.1146662809076084
0.20756537775698503	0.8973870069494094	1.1146662809076084
0.18819319474886492	0.7877302799599875	1.7381241492273434
0.18819319474886492	0.7877302799599875	2.2884562576095164
0.19154457583164541	0.18769508769187992	0.7877302799599875	39.48726508212949	1.713367273210678
0.20044567199963226	0.16795540933134145	0.6988426859842755	39.2798340810221	2.137261563218621
0.17564670776752261	0.6861997196011562	2.137261563218621
0.19791757575694724	0.6011121944850655	2.2444947811938425
0.30369291620108696	0.18307295270639168	0.5283185887172261	31.27903960594348	2.7741584686461347
0.4201725718259779	0.17163325032148707	0.4830417097173103	31.434540239816037	2.5926758982780465
0.36770448234230646	0.17163325032148707	0.39742351848979507	31.84070271855823	2.665673762850708
0.36770448234230646	0.11822394858965461	0.19117648887243682	0.3564019110606526	32.109860829599015	21.27799976216935	2.1831169882464203
0.32110856133736876	0.17051001090811385	0.3285467222874542	31.7465625891519	2.8071589191061004
0.306745207911073	0.1478701289568362	0.2940381708032556	31.969804328626704	3.2539838143454465
0.33848554153067517	0.16553364644725874	0.3422919211847936	32.92449867688349	3.4285302073830604
0.33848554153067517	0.16553364644725874	0.3422919211847936	32.979109726068714	3.4932027233519882
0.29958649377540547	0.16553364644725874	0.38027658461292235	33.21086670278223	3.643585113110001
0.34645395033975357	0.18106373519815394	0.41675336444266453	33.11901519234205	3.4087841633445564
0.30994541634018624	0.17229560499439553	0.3526974995586384	33.339394845702394	3.1908199252708718
0.30994541634018624	0.1808591961266777	0.3526974995586384	33.878876468889864	2.4770131586595263
0.5534621965593638	0.192089891392392	0.26365323635989046	33.67111319233848	2.3204722554878567
0.5379848954946354	0.1669451054573683	0.344788267585691	33.344001525368924	2.2025454997805554
0.5379848954946354	0.11074136629994533	0.1686258977516217	0.3475414313996861	33.344001525368924	30.790118879348114	2.2025454997805554
0.41294919386939755	0.15898856208196163	0.2812145023891128	33.344001525368924	2.2025454997805554
0.4301364437774357	0.2028423801872073	0.2795617730978359	33.75942431663672	2.3584303409490293
0.41067253469852005	0.2028423801872073	0.30460942207352915	33.427950757644425	3.139630859963098
0.41067253469852005	0.19210169005253186	0.32736340901120703	34.09862071373038	6.979181701777704
0.41067253469852005	0.16830027575487552	0.26397028183510635	32.28156101230789	6.9400046425138795
0.3869356209233832	0.16830027575487552	0.24846138281403476	32.42885517570333	6.3788734774544285
0.3516036161343129	0.16830027575487552	0.2611066433649004	32.73079482344952	6.3003225147214446
0.36451494395130063	0.16830027575487552	0.2418025103274441	33.016524949678384	6.348560859118683
0.4034657420934204	0.16830027575487552	0.2418025103274441	32.12093840145079	5.791253962328282
0.38563561183899825	0.16965356578218918	0.26995717829801913	32.17077190899803	6.356681397068628
0.39957349170162426	0.16212662787522134	0.314595646821954	32.458458935693116	7.038538613873886
0.39957349170162426	0.16706251323296853	0.1284202269156107	0.314595646821954	32.47501481669634	13.764823670779105	7.1153320642613895
0.39957349170162426	0.13003377699554108	0.4024855284555661	32.61919438679464	6.939951320336831
0.38735495279572824	0.1510740876185147	0.36026024060581396	31.950167469310138	6.528513670893535
0.3467400285634264	0.1389415884340028	0.3721818803554604	32.326871176502905	7.078307725993995
0.30763042708751764	0.13936911135676044	0.3604053620836963	30.15948721306045	7.136168444975958
0.3019764498042904	0.13557952878517776	0.37478417597501346	30.23391105546079	6.889850324278525
0.293872465595464	0.14158839242414034	0.4155161472399992	31.629397429873094	6.294095833173424
0.28994033229171035	0.17762514622549783	0.464667984974716	31.263309213662623	6.215690938496141
0.25533016216187465	0.2898625059159868	0.17324118564324426	0.4587523896141683	36.07594395805193	30.341033139109545	5.709090846789676
0.2681781940137922	0.17324118564324426	0.4202631855705181	0.6754922358100942	29.891133035298246	6.051244997340898	1.1707657727688336
0.2681781940137922	0.17324118564324426	0.4202631855705181	0.6754922358100942	30.336069234709026	6.388842381793655	1.5775456122975737
0.27442279293550137	0.15539171186090703	0.464635934840442	30.381394126185654	6.11450143282487
0.27442279293550137	0.15539171186090703	0.45964905920556676	30.381394126185654	6.11450143282487
0.31493113876466705	0.14871313027707422	0.45964905920556676	30.173372702055154	6.926259497854911
0.3517029296608288	0.17580643230354004	0.5288639747425781	30.637492812973477	6.3047402249240925
0.3517029296608288	0.17580643230354004	0.48608073483029957	0.6215100964643132	31.172940620985496	6.1078347609712	2.6658157274739533
0.37916532439347417	0.15503740119918233	0.48608073483029957	0.4858147954445029	32.30731312297853	6.057160955031351	3.9622895101850633
0.37916532439347417	0.15503740119918233	0.43759958335061516	32.18679795571551	5.945786097798798
0.37916532439347417	0.15503740119918233	0.43759958335061516	32.25386005183556	6.519769446360887
0.3459775821908759	0.15503740119918233	0.3871488428323675	31.971154913850892	6.749443706495186
0.3459775821908759	0.1841754848850649	0.3871488428323675	31.147070493893697	6.226288889851814
0.35607469703372185	0.17026207181836228	0.3871488428323675	30.3944998105642	6.844537105801345
0.35607469703372185	0.17026207181836228	0.3871488428323675	30.12284909691333	7.093805726837534
0.397273567086549	0.16393780662915458	0.3871488428323675	30.80178243934193	6.806122639667416
0.35215504686219723	0.1630129073583629	0.38513760603199865	30.489503109310238	7.190583057934438
0.34652415759657984	0.16586600001528765	0.43062965695074557	30.754796847041217	6.059573754765932
0.35923563673076103	0.15767600797135461	0.4118155272930434	30.36140429800963	6.012227254822744
0.3869135381675519	0.15767600797135461	0.3786917116930036	29.68850626487815	6.435108667540792
0.390160996505737	0.15767600797135461	0.411854150875234	30.876387739494103	6.801507241727209
0.16031068345923674	0.6839744246561255	0.15767600797135461	0.37489637789348407	40.34990244560514	30.751538500420132	7.2211215820688155
0.16719706004246265	0.640963812197669	0.14117842805167952	0.3957339871483789	0.3873075587628522	41.40351825790156	31.789973931658526	6.17291708995212	2.5115305700751933
0.3893149753054848	0.14117842805167952	0.34078595328441164	0.38676746223889086	30.820479189829598	6.108040100190744	1.9573895755785782
0.4107874381678023	0.14117842805167952	0.3236535635065594	30.488950276023203	6.611817287322169
0.36188264218608196	0.14040128551256223	0.38539845520287375	30.37068867291983	6.430372932311391
0.30098097688734	0.13683993466863636	0.4512443499022125	30.107696304523856	6.277939241273289
0.34606504722183906	0.13683993466863636	0.4062147134593341	30.19478383939652	6.267012802021847
0.43734125514855726	0.14056632810537575	0.3967886669524856	29.72421479141778	6.588993712488401
0.34046428760093034	0.5037320078670102	0.12456980360106748	0.36425858532898325	39.2075645162887	28.786151881035934	6.551600594185871
0.444139085344351	0.12456980360106748	0.37971185028541865	28.681276772123944	7.256850561604258
0.6136524949121178	0.45187172566243766	0.14194061864645507	0.4093337303692178	43.66979788637257	28.607592791190974	6.90455287019501
0.464485696505687	0.14194061864645507	0.4093337303692178	28.44869263807065	6.688268550680916
0.464485696505687	0.14194061864645507	0.4093337303692178	28.866871730195683	6.520883096667839
0.464485696505687	0.14194061864645507	0.4093337303692178	28.583398042562965	6.496347624737257
0.4634069507246071	0.14194061864645507	0.4093337303692178	28.583398042562965	6.496347624737257
0.4634069507246071	0.1429611104035998	0.1506288600954272	0.4684559585022705	28.305791651875982	13.630063649727605	6.751164631692789
0.5233828077510686	0.12934310267715826	0.44633876911762116	27.880822877135692	6.72446344989444
0.38071783868046505	0.15357830250044258	0.4302366446498835	28.31285523776425	6.186184769387589
0.3597398018481511	0.14481961395119017	0.348748168505783	27.521808311769234	6.61205892161908
0.4014935084989665	0.1633082951759465	0.38110253711139697	29.010276342850677	6.134682499580267
0.2859175227140575	0.557066850239084	0.17345164963113874	0.34645481140724893	39.29662560898735	28.344554686573304	6.713920941319651
0.2859175227140575	0.5557530035343483	0.17345164963113874	0.34326328159731295	39.74256497412434	29.05567468688582	6.809601375489046
0.2604894368219017	0.5716103374876942	0.15069879499120026	0.3048759679853455	40.07991197906323	29.006486431357153	6.618951149043363
0.23597580864659504	0.5934787685404171	0.1535398089087694	0.33098756538911767	41.44752291248734	27.916091875463405	6.364626875397767
0.4269007966851848	0.1535398089087694	0.3735307325891664	28.733608162598614	6.457323072778593
0.482338398699604	0.13824885865668607	0.3668822939770842	28.313864894337918	6.415666265881924
0.482338398699604	0.13824885865668607	0.3668822939770842	27.782527943147944	6.14566342008202
0.482338398699604	0.13824885865668607	0.3668822939770842	28.35140826907183	7.538426515987833
0.42630110067937976	0.15289317940311956	0.3668822939770842	27.7690050790078	7.247133383100136
0.4688370158865806	0.14307621971739673	0.3683129386553505	29.34865200068862	6.794343292162872
0.3215302835084519	0.5003037825482672	0.15611834535254562	0.33525334909515236	42.49140010426351	29.378920995852752	6.447869644872966
0.4673101195930634	0.16265771429054465	0.40997699973079127	29.063828226590438	6.644978297829056
0.4747433194663128	0.1675460269181893	0.3914655922438649	27.986875030625484	6.672975423573319
0.5176577112451262	0.14746213669469727	0.3941761679208624	27.730462755889835	6.634552278342766
0.5066737576182039	0.13724305316871546	0.3941761679208624	28.36460186381163	6.537247704075684
0.46386791913988057	0.13724305316871546	0.34913781375195807	28.00150889445736	6.531697115038767
0.5543394677561467	0.41613286226449314	0.14147977520838553	0.35909513566314205	37.435750733799566	27.659110665131312	6.557612435896957
0.5543394677561467	0.3565501409777728	0.14349284114662586	0.401327861591248	38.22411109041944	27.938837486998402	6.268795812589351
0.47802491952581866	0.12746001341932342	0.4585537229530886	28.753496912735734	6.228345048939844
0.47802491952581866	0.12746001341932342	0.4585537229530886	28.60832685139779	7.162694173248069
0.47802491952581866	0.12746001341932342	0.4585537229530886	29.269007073507446	6.432829957651356
0.4394210384164932	0.13872218891236318	0.3874315640366565	30.487897417518933	5.747927649204078
0.41289622644710533	0.13471480548171302	0.3874315640366565	29.893314417595214	6.305833927068913
0.41289622644710533	0.11609675104863762	0.3874315640366565	30.006154848512054	6.333451927033405
0.41289622644710533	0.12634405275310062	0.3874315640366565	29.932864925647884	6.267235964146484
0.37163253210635777	0.12634405275310062	0.3874315640366565	30.37722169570697	6.156003391235785
0.37163253210635777	0.12634405275310062	0.3874315640366565	29.28428972950448	5.669070714006446
0.39640379369305534	0.14931014863201117	0.3874315640366565	29.40035336743542	6.020742356056768
0.32157541614038115	0.6499202145236497	0.16056428496426614	0.3874315640366565	36.80259548342079	29.969756292473935	6.30751665756065
0.2754985118616507	0.5972932245242425	0.16178624635185562	0.4818154790759799	36.86055354647183	29.756590504634577	6.331113194932312
0.42536398823902455	0.17342729506998997	0.4818154790759799	29.9670312623493	6.328734351294813
0.3627774414737062	0.17342729506998997	0.4818154790759799	28.97406718950595	6.271755690019616
0.3627774414737062	0.15019518377884775	0.42383050030979574	29.08240374681263	6.344023041712364
0.3627774414737062	0.15019518377884775	0.42383050030979574	28.978683164238802	6.726879187187726
0.3627774414737062	0.1625676321763532	0.4185387707420767	28.273529448459108	6.5213232734891875
0.3511352507088156	0.17702160975697667	0.34397449762269305	28.395763272273612	6.175723254610517
0.4381744421436874	0.18316820438283835	0.17702160975697667	0.3528502497778805	31.169256328010817	28.910171633060802	6.099630308783041
0.3933047814573531	0.13921290003975817	0.39816322671376825	32.066137969015145	6.129617205123587
0.3561542818728512	0.13921290003975817	0.4317457771599499	32.41612750295353	6.223595934071433
0.45702751377745837	0.12785391041165436	0.38491633891809646	31.973213634481514	6.655865946881996
0.45702751377745837	0.13933865106577512	0.38491633891809646	31.997125971885765	6.177229291273072
0.3547117399645579	0.46216040742106695	0.13519983635941307	0.3741250632889772	42.022929516472644	32.291856402628206	7.095874573669729
0.43427229784166466	0.13519983635941307	0.3741250632889772	32.77243544407499	6.517272250115918
0.4569575399035885	0.1383562432686321	0.3741250632889772	31.961492284211324	6.498019905860198
0.452496160327293	0.16074975880508027	0.3704175110876003	31.378214350892463	6.345699912915565
0.452496160327293	0.14854232632354702	0.38874194786562066	32.190305404839194	6.169549714520479
0.41403975002095944	0.1373991505379187	0.4027468059767796	31.678832147271642	6.168674644046249
0.41403975002095944	0.16084100566042395	0.5178274299515474	0.3775197749629032	32.105061366542465	6.599261405874016	5.1229776434218
0.41403975002095944	0.16084100566042395	0.40486064208225375	32.27546236154401	5.86308827699132
0.5150729740845603	0.1376573408166093	0.18391976644566216	0.40486064208225375	31.38414781248328	9.843417379469397	6.1922403216549675
0.5150729740845603	0.11580153642780447	0.2228260422753271	0.857907164420102	32.07229171915386	10.09694401703482	1.9770462542849399
0.48228084505609364	0.11917957131898547	0.2228260422753271	0.9465442786574171	30.552951523923166	9.91291991439023	1.0505825510593483
0.48228084505609364	0.11917957131898547	0.2228260422753271	0.9465442786574171	30.42167921587543	9.863699865325808	1.9080127439323946
0.45011657934765326	0.11461058393674663	0.20940617899129776	0.7902202776094557	30.902332294819452	10.14613581480157	1.8311736674739951
0.45011657934765326	0.12786455744575836	0.21392142558951538	0.6309504211433918	30.955105850433895	9.97700746555225	1.8632659954306987
0.45011657934765326	0.12786455744575836	0.21392142558951538	0.6309504211433918	30.955105850433895	9.97700746555225	1.8632659954306987
0.5377001434656046	0.1298003198248406	0.19462708174886462	0.6309504211433918	31.146071982933805	9.742357642315202	1.845312572548648
0.4849456873368391	0.14770843973680373	0.18317964689941052	0.4848953379073886	32.28941754010001	9.556702213457886	2.4893247278946626
0.31745504828070226	0.13135807045421874	0.22865822501398722	0.4170387169571919	32.20944289962846	10.21625232048059	2.609821610451617
0.3039468509085218	0.1428499707383875	0.24941969519465768	0.4170387169571919	31.96444499716829	9.600410706171143	2.8804523581973727
0.28584583354080595	0.17718778349922581	0.4170387169571919	31.934502677178997	2.3791794984867485
0.28584583354080595	0.17718778349922581	0.4170387169571919	32.27874646141244	1.9693564870514078
0.167408742165776	0.3477179866715368	0.17718778349922581	0.4263628198163945	42.58617322378999	32.60947962363383	3.384652186663347
0.3727593598785381	0.17356167233556946	0.3590561689496638	32.78884230486821	2.4100586260192713
0.44365785984398015	0.18662853715845495	0.40085578102592057	31.865940741917747	3.7395759811640614
0.42615588615855404	0.19205149143007733	0.36540210797383366	31.543841085917272	3.318136558499161
0.48541263663286144	0.17250470901105283	0.36540210797383366	31.543841085917272	3.318136558499161
0.45633176534111375	0.17321795989416136	0.474526501554431	31.820788774143423	3.4761239456727235
0.5396259973324488	0.16320845686257998	0.43673976380632146	31.77701050351354	3.3480337437860572
0.5293918476842855	0.13811600131448565	0.44675762658582313	32.05079318328779	3.107527125996696
0.5122890353082838	0.154314253371545	0.5755490523407103	31.634615920907564	2.6026602431460475
0.5122890353082838	0.154314253371545	0.6657208788613082	31.323804484104148	2.6557175257077783
0.41779280754698217	0.13038038949276917	0.2646787407769505	0.547065362976869	32.36029276495728	9.078881392138754	2.8810172977748314
0.4345229936422334	0.1316447061315889	0.3508081081981124	32.85458802219462	9.355051506937317
0.3715935323441219	0.1502756156590487	0.30205725560939006	34.07874959253418	8.61333435839444
0.38809903978894783	0.15808006207399913	0.284286020691024	33.99752545809455	8.25875586709062
0.4807174815794049	0.1344939472391116	0.30051645613826194	32.832408118188404	9.407013017442068
0.5378874220093796	0.11723517037100824	0.30152690669623966	31.512427221663486	10.054146639132478
0.4644819011969722	0.1239923962440068	0.30152690669623966	31.4729108907946	9.85129522169207
0.5019424614914613	0.1352357501355422	0.2701441497144888	31.758716340415976	9.559210188742895
0.5019424614914613	0.1352357501355422	0.2701441497144888	31.778111351625295	9.460669465391515
0.5830429865524355	0.22928292171846149	0.12246479576093093	0.31954529901636175	34.17853180653343	32.07958883067369	9.7743347759806
0.5139176025403667	0.12246479576093093	0.3107321550900821	32.339514043232946	10.08229555032825
0.4821930306574772	0.12246479576093093	0.3107321550900821	32.670941575474345	9.435441137740913
0.4821930306574772	0.12246479576093093	0.3242581382810598	32.23947929360112	9.481652236612572
0.5054683843033231	0.12246479576093093	0.3073500583592338	32.56791057427875	9.933381305238344
0.5054683843033231	0.12246479576093093	0.29542558655228773	0.33508268476068465	33.011233127358885	10.134640773494587	3.183791758229881
0.6708538514865938	0.12417208806303184	0.29757109102887414	0.33595143147207285	32.23649310330843	9.45512380503767	1.9070665922126353
0.7405598894903007	0.11432483994918521	0.30494202305571155	32.40708917708986	10.18619467491567
0.6214948571500711	0.09821776847150275	0.3409327628437023	31.68145164123396	9.775718644180827
0.6046166831241495	0.09821776847150275	0.3409327628437023	31.617655984803886	9.912847406562808
0.5055302610467592	0.09821776847150275	0.3923379430498483	31.83464206981285	9.873233229321176
0.4230903750000046	0.10295555065029827	0.3088408633809168	32.694131046957494	9.891533094175983
0.4414691276591023	0.10295555065029827	0.30905049737884854	33.03091595087454	9.78694520876739
0.4200574293244957	0.1232391695014042	0.3529241049358427	32.71578432058955	9.388538665352636
0.45359880895682503	0.12916567604868034	0.28596286159963463	33.24634111024913	8.254470120114577
0.4244407036519167	0.12971524297324846	0.322136780656841	32.69796607075909	8.498249742377759
0.4244407036519167	0.1337726003372804	0.322136780656841	31.531959089546607	9.214840720704654
0.3783108901877844	0.1337726003372804	0.361129177884968	32.82065899405959	9.915183675367865
0.43848930962973126	0.11143516586753353	0.3802504215767648	32.85177453989884	9.922265445927383
0.3838407527337294	0.12941193829587483	0.38706673965800753	32.64071264580971	9.94616374426507
0.32038438555053345	0.11796309332919393	0.2640650979489835	0.6021650398355487	32.64071264580971	9.94616374426507	2.26924762258715
0.32038438555053345	0.1233948158994751	0.3141104031649929	0.47129542145006936	32.64071264580971	9.94616374426507	2.26924762258715
0.32038438555053345	0.11668908488309016	0.12866318555546993	0.3141104031649929	0.47129542145006936	32.41870344040434	22.516592834496436	10.132255495988224	3.1363229927165737
0.3656590856314589	0.13955046375527613	0.3038622749370342	0.5827160232981947	31.906276154484	10.067380147007679	2.9618983615113006
0.3656590856314589	0.13955046375527613	0.2906831308502096	0.5827160232981947	32.98415511933872	9.280756606836015	2.94729992154064
0.4644702344928588	0.16451443482601327	0.2906831308502096	0.6959668431206186	33.27785853228688	8.65639939377902	1.0162898889378713
0.3485000294962889	0.5123821514999515	0.14398276081527944	0.28818839095158877	0.6048403977899663	40.00552283968269	33.27785853228688	8.65639939377902	1.0162898889378713
0.43180656854500477	0.1513477747726188	0.2182697531723073	0.7063409600262814	33.27785853228688	8.65639939377902	1.0162898889378713
0.43180656854500477	0.1513477747726188	0.2182697531723073	0.7063409600262814	33.27785853228688	8.65639939377902	1.0162898889378713
0.45290718304323463	0.13797227448299967	0.21835216355899115	0.3318897573866571	0.7063409600262814	33.27785853228688	8.65639939377902	5.877873817422085	1.0162898889378713
0.4209346711707144	0.15396862050399032	0.3323683873982153	32.9840275247314	5.906550354230387
0.4280311376129335	0.15396862050399032	0.3323683873982153	32.9840275247314	5.906550354230387
0.4280311376129335	0.15396862050399032	0.3323683873982153	33.16566444839739	6.105718572410531
0.34614568927758865	0.6681384359154976	0.15545327265922806	0.31072376877032953	36.35327870669913	32.97452760336005	6.535382088283802
0.4280590068908242	0.6123820064149198	0.15723832278061564	0.36629362519873493	36.203318597466684	33.183037650128284	6.06567442683
0.4314132790631959	0.6123820064149198	0.15302659632585996	0.39192261162045366	35.79261795254353	32.57362128803114	6.323593057714735
0.4490555815368984	0.6244740498660412	0.1635765608665051	0.3600113082278488	36.228918966928354	32.04713295804984	5.914952497430004
0.4490555815368984	0.553268187161984	0.16582926568826178	0.3600113082278488	37.13151780821737	31.838654376403397	7.051255829868596
0.35326305912912626	0.47235864605247074	0.13325985588302902	0.3367236291067623	37.41184592772939	32.424208371420534	7.334274482440399
0.4721780191100759	0.14554351396811596	0.3293641450033023	32.930326638979395	7.157969991137129
0.5498098282701874	0.14554351396811596	0.34717868809570784	32.97314664435558	7.142225116613267
0.6418146779399003	0.14554351396811596	0.36855287536332354	32.97314664435558	7.142225116613267
0.6418146779399003	0.13183476835575747	0.2310261312406141	0.4894311338496377	33.405053312047436	8.016551704687217	3.300435566613693
0.6418146779399003	0.13183476835575747	0.2310261312406141	0.4894311338496377	33.80284907177716	7.723022833466289	2.944490968845689
0.6729541909801625	0.13170156166922495	0.22050086075724146	0.4460518126044132	34.245842141766715	7.845121005553828	2.781442749541866
0.6729541909801625	0.13170156166922495	0.28035888344430554	34.25722062533086	8.216404706349243
0.7232643350429827	0.13170156166922495	0.30328175035493093	34.47497614030628	7.088405570769851
0.668535479942061	0.13408701567481027	0.3078985100971765	34.09893024622425	7.433874145539543
0.545806698189002	0.14927631273121578	0.2846163898027282	33.57527180715268	7.41139090083419
0.46185662565902963	0.14927631273121578	0.2846163898027282	34.10632672012698	7.236587934981592
0.46185662565902963	0.14927631273121578	0.2846163898027282	34.10632672012698	7.236587934981592
0.5035807924440232	0.14927631273121578	0.3129059974282101	33.199066031621776	7.227622373582989
0.5270782224148348	0.14618383929836476	0.35310788348751027	33.485400585868526	7.203098526912853
0.5798092257836608	0.13506968753557996	0.35310788348751027	33.3490264028929	7.340257504705033
0.5798092257836608	0.1359023001951653	0.33258836453122514	32.94375079636817	7.150074090594078
0.5798092257836608	0.15125557496414424	0.33258836453122514	33.29898033046623	7.252640644533162
0.5798092257836608	0.15125557496414424	0.33258836453122514	32.82402528169137	7.276994142094836
0.6296711072556482	0.15125557496414424	0.36945585766770395	33.42948918041495	7.062086182543647
0.6296711072556482	0.15125557496414424	0.34933603835873894	33.260704232871596	7.009779498610784
0.6371392768325297	0.10730620120855272	0.3090139691530273	33.27109339197797	7.410924538429739
0.6561475012605991	0.7119354466388551	0.10775287944684808	0.3090139691530273	39.04113758555582	32.72670356976016	7.029430428110297
0.763678181545234	0.7119354466388551	0.12775232509435172	0.3090139691530273	39.75560219391691	32.25767617441141	9.387785783637863
0.8482267766403264	0.7119354466388551	0.12775232509435172	0.3090139691530273	39.77013400129132	31.623992805292136	9.18138515003092
0.6714640708225909	0.832731124140937	0.13496708564394594	0.3294885612484828	40.1059101205149	32.22342521541051	9.582837378535007
0.7655756021943538	0.11057046605776547	0.30549518132301895	32.79025547590736	9.18885495285154
0.7655756021943538	0.10506253007169003	0.22254215407917005	0.33311389125675134	33.115247232678534	9.22646635746154	7.191103047792266
0.6573864429250296	0.10893673772886575	0.22254215407917005	0.3970764120121737	33.115247232678534	9.22646635746154	7.191103047792266
0.7345266428316121	0.10893673772886575	0.21048237466102887	0.32255378791886957	33.03341123556259	10.113581893392123	7.594587126679296
0.7655635942871604	0.11776873812081344	0.32255378791886957	33.48569848771211	7.4438272410815385
0.7405407417463328	0.14589132865447874	0.3302205520837617	34.340871369734764	7.757212413480606
0.6838188049283449	0.14729005121288422	0.31703423987603174	33.53950114529817	6.6059231763637065
0.7934475479980756	0.14729005121288422	0.29099515240255275	34.01415037506489	6.781926438716979
0.7934475479980756	0.1557578434546948	0.41616818363100855	34.15799878983178	6.5104101502324685
0.7333465337449171	0.1341982790982395	0.3876270815201133	34.24439562334791	6.425555016136575
0.7760383938096138	0.14913613504497775	0.3832611283222584	34.24439562334791	6.425555016136575
0.7762662270005211	0.1853560330105974	0.43676337208843735	34.093954000374644	6.359145979366532
0.9310286934029227	0.16251839060012988	0.41557519203057575	34.77536232744036	6.266272018511233
0.6346203282147249	0.1130618428632509	0.3720888234933955	34.57008053826317	6.250734349453384
0.539556905800437	0.1130618428632509	0.39368422658719904	34.34524197684535	6.465989265369117
0.5595955983806231	0.13179516278162956	0.38293930622191164	34.19209800620131	6.467866253569203
0.5595955983806231	0.13179516278162956	0.38293930622191164	34.19209800620131	6.467866253569203
0.5595955983806231	0.13179516278162956	0.38293930622191164	34.468648671645234	7.66976014323535
0.6084742993650422	0.17391821148855682	0.38523057105547287	35.21102808661842	7.300381583351474
0.6084742993650422	0.15335035267507913	0.36919125430084954	35.132845671172284	7.543925699572711
0.6084742993650422	0.15335035267507913	0.4272777661585723	34.12734965772602	6.064404855548713
0.558683024599512	0.13903693142681967	0.14621727148722036	0.4272777661585723	34.00146401774148	24.14824570743425	6.36086479190836
0.558683024599512	0.14063869529558665	0.4272777661585723	34.10030028626218	6.390257619673035
0.5031331975055652	0.15400431665923853	0.4272777661585723	34.10030028626218	6.390257619673035
0.5031331975055652	0.15400431665923853	0.42582253192455594	34.31089268237059	6.183570064021259
0.6210683229252209	0.14953977247223027	0.5179650289711475	34.43519078900655	6.0817511331517675
0.5844868183583245	0.15998887095821945	0.5106739550856718	35.17298307465344	6.085315492337162
0.6353024048147448	0.13362213353874441	0.478283555832389	35.17298307465344	6.085315492337162
0.6740242077013656	0.11668504817557017	0.1628634183643725	0.4286641484078715	35.17298307465344	30.413265398450356	6.085315492337162
0.38266585837152267	0.1628634183643725	0.4286641484078715	30.413265398450356	6.085315492337162
0.23545929600216806	0.4034434551309696	0.1503378147299471	0.37417331952098365	42.07853951606613	30.413265398450356	6.085315492337162
0.19263257196261638	0.3598902737246767	0.16965748428837993	0.39532660577797135	42.20749147732209	31.78523393723298	5.618464835900605
0.20538291761782435	0.34725693399032015	0.16965748428837993	0.39532660577797135	41.90784433352129	31.660940483624287	6.076548672906491
0.2819431183889119	0.3652583764209846	0.1676608061829849	0.39532660577797135	41.48149451645982	31.809913632518633	5.973736460040378
0.2971207382741009	0.1469458385740059	0.3753366115628279	32.462269282812855	6.12406917760804
0.2971207382741009	0.13573985417497847	0.42564695912085637	30.93081683191902	6.604082842985184
0.2971207382741009	0.13573985417497847	0.42564695912085637	30.700540147375865	5.938978888504104
0.2834305650870983	0.13573985417497847	0.42564695912085637	30.1692158362033	6.073614478969574
0.2834305650870983	0.13573985417497847	0.42564695912085637	30.18547252470343	5.9007387323374685
0.2834305650870983	0.13573985417497847	0.42564695912085637	30.18547252470343	5.9007387323374685
0.2963888881204303	0.3081790012628294	0.13573985417497847	0.39929153350755936	35.48880734419266	29.84075237797353	5.968873014475696
0.2830908466915511	0.3081790012628294	0.14842083339111048	0.3793502265646222	35.19082471457764	30.038297120849528	5.9784456381323565
0.3187091405934738	0.3256053255710547	0.12803776302932393	0.42245929341722155	34.851646448866134	30.136237214914225	6.7429033892083465
0.31159377694825297	0.12526592265859082	0.3966266761709534	30.5546832174744	6.841985706249747
0.3044275204310666	0.12526592265859082	0.3563893515917692	30.249566962279346	6.731905319541441
0.3480411268621387	0.14141039725579932	0.3932161855107528	29.363783319594585	6.700106439492213
0.3502114103705509	0.14141039725579932	0.40057632235740215	29.232338772749845	6.523016383839506
0.2977041316547857	0.14674028497937427	0.38138711578347023	28.670215668125394	6.877338837767516
0.2977041316547857	0.14674028497937427	0.38138711578347023	27.917664835625185	6.353447724192531
0.2977041316547857	0.14674028497937427	0.3745669332158588	27.528326187794587	6.330355657494818
0.3430273858377458	0.1458052965684467	0.36065566975237395	27.2598750993364	6.506406762264144
0.2910219332045278	0.13819390524536862	0.36065566975237395	27.34615380691914	6.378963903447213
0.3576408882075948	0.1588186216389476	0.3570027045149358	28.574904970487516	6.556406855860201
0.39309682616249403	0.15583844844182523	0.48541346377762284	0.3388050103219557	28.797676953210914	6.4785560827119255	4.837519966255372
0.4326509584125742	0.20051819267962473	0.1391153974510099	0.48541346377762284	0.35674142695605743	29.639777790805663	25.38570152139731	6.499240860332525	4.517066301253446
0.5408006319043279	0.47818059438900107	0.1771659832533169	0.16511700398819393	0.3918752956271277	32.41506932831755	29.639777790805663	25.38570152139731	6.499240860332525
0.5408006319043279	0.5589181441430381	0.16480268477272886	0.18121388888152815	0.40085897571757884	32.39023331319923	29.87235102679721	24.68839074701338	5.955010485634095
0.5254734624183213	0.5061731326854374	0.21099184501804968	0.18121388888152815	0.43070251200997606	32.35961660124361	29.831047594157745	25.16121790892722	6.257369066604991
0.5543590257809283	0.25776528596719595	0.17318061138657018	0.4334890954295971	31.80583513797	26.141938304409102	6.053533347460879
0.4344505467947924	0.17318061138657018	0.45587257428141653	26.310406910514306	5.89728041965976
0.4344505467947924	0.13969363792463657	0.4137123259408829	26.512233625892417	5.921694227943469
0.4953751275353305	0.147887694084524	0.43757201835404047	26.276421485472778	5.924967820216583
0.5610738703808925	0.147887694084524	0.43757201835404047	26.578436267457217	5.754864951506267
1.3359617715806396	0.5199551196311619	0.147887694084524	0.43757201835404047	43.48086879569959	26.7114753865651	6.062012628222876
1.2121071632394298	0.49754691599932344	0.147887694084524	0.43757201835404047	43.48086879569959	26.7114753865651	6.062012628222876
0.5024064621945421	0.1524512384350958	0.44579163650316683	27.15540798197166	5.91186319421943
0.4430125439939685	0.1524512384350958	0.38000817565493183	27.77641767671433	6.706137583977465
0.4493397520386575	0.16573138856142516	0.48878657370780343	28.814046189590897	6.351907925116098
0.42961340277820836	0.12186353063660788	0.40229599513923525	28.643859686259304	7.022085313851214
0.49986381235451227	0.1404464064955067	0.40229599513923525	29.90071677165852	6.942996066540001
0.5099946241368429	0.1404464064955067	0.375457599573399	29.799158672705325	6.090423627903129
0.5536003198018169	0.13716229098843125	0.31545277908308134	29.51216039298626	5.825136085379214
0.6170326451614296	0.14783388131180059	0.27112702979139797	30.110039421369102	6.061045617112097
0.2705428219570171	0.7424790758627919	0.17687444109797196	0.3480405937723213	39.49477425656844	30.167486787338834	6.055299795445371
0.8202995535173501	0.3078267748487906	0.5405599666836448	0.15716599144979518	0.36667017713742744	43.984434151544605	39.59862126716235	30.51714533408298	6.075429895758749
0.47928209229503216	0.13215955437367852	0.26512986653858617	0.5720103682532169	31.02554557475316	6.013200977645006	2.737373697141439
0.4666829267747349	0.1460213894193111	0.24590495327483924	0.6677913770979712	30.110436012956075	6.175203279330109	2.7127542594912195
0.4726784856604503	0.13123928560498532	0.4060267901312735	30.110436012956075	6.175203279330109
0.4726784856604503	0.15021376595142438	0.4060267901312735	30.110436012956075	6.175203279330109
0.48313248780063567	0.14329948817238863	0.40552419783803895	29.932455012639576	5.95132453325852
0.5642103105768631	0.14329948817238863	0.41059632407034025	29.392760030790924	6.2128863603574125
0.47892818215370736	0.14329948817238863	0.4314161600983917	29.392760030790924	6.2128863603574125
0.5645644459181468	0.15121585680443408	0.45767754948179373	29.392760030790924	6.2128863603574125
0.5795300511379597	0.1366148518220956	0.47757158441722114	29.383755079342844	5.913150635102345
0.4193498043173495	0.14461260359637887	0.45952523472987356	29.383755079342844	5.913150635102345
0.3860039342010342	0.16559744522213785	0.13170772829715996	0.5181652655715158	28.617879408576187	20.30548398765021	5.949158513299259
0.4483671391999774	0.1392244915264252	0.1526408976201912	0.5181652655715158	28.995711637305696	20.29624083764836	6.001539973971867
0.40256971606417935	0.15821735271063417	0.1645545505246221	0.5181652655715158	29.35512032859256	20.24316892136057	6.253920660751186
0.4688807369911908	0.17045694988056068	0.1411297960879935	0.4734377006852163	29.35512032859256	20.24316892136057	6.253920660751186
0.41447688461340493	0.18362556630072646	0.14934316178376822	0.4198059384079281	28.897449566237412	20.81935403917022	5.936786804770273
0.44605455366807173	0.17485680868686884	0.14934316178376822	0.4198059384079281	28.897449566237412	20.81935403917022	5.936786804770273
0.44605455366807173	0.17485680868686884	0.17729411222296892	0.39582829391371344	29.816014652977422	20.622852879523606	6.3043346490043195
0.41962787486569775	0.17146487265365945	0.39582829391371344	30.22799131303823	6.0121808168299244
0.3622533223030595	0.15921505927479854	0.3765867738721127	30.684390081674536	6.282657489479454
0.4085903517783847	0.15921505927479854	0.427113606708124	29.970212431408672	5.642580555183268
0.449853114535455	0.15921505927479854	0.476808183146569	30.84170545505121	6.173665870517099
0.6336588119384892	0.14985855169279352	0.3985961953189287	30.708210227796222	6.38056195743988
0.6336588119384892	0.14985855169279352	0.4234737889943158	29.969565324793606	6.514426801525402
0.47574198687177005	0.14988406773264837	0.3570793685857859	30.532152403520588	7.092835928862841
0.47574198687177005	0.14935823320005664	0.3729932094740437	30.690473242786	6.1693418056449065
0.4549953703486106	0.1494435685653064	0.3069337599802071	0.5728026068673283	30.04629921534724	6.178050668386319	1.9226616959027931
0.49346682696694777	0.12072038141365132	0.343710018049783	0.7903719727882762	30.43002540228992	6.566931384517001	1.2276423140233272
0.5401726554110895	0.12257137213656324	0.37822034317057307	0.7145827516810489	29.295491633822557	5.950556684037944	1.3922950184804688
0.6847510335644885	0.15076700586336042	0.45095185394413406	0.5295572681136083	29.530557573623998	5.886298376455573	1.1922031126565824
0.6829071628506542	0.15076700586336042	0.46586907695803326	29.37592703011276	6.238411401385268
0.6115044835859682	0.15076700586336042	0.46586907695803326	29.03335493011208	5.751077101521145
0.5558732861923599	0.7738227423681737	0.15858552571054416	0.5260884385370836	32.96912474961051	29.041584029617322	5.72134458176737
0.5803701486261604	0.7738227423681737	0.14757379336948184	0.4576834110055827	32.61873738364266	30.29531905661724	6.3210009775068965
0.5215687204045458	0.15298413026820024	0.41540673118647115	29.13191810483429	5.96083372307667
0.5428450062970854	0.15298413026820024	0.41540673118647115	29.473239385736907	5.799167844841845
0.47014279379449536	0.13597480876238432	0.3961734969797512	29.787847371304423	6.1869643175322695
0.3462552371729032	0.13124747476975626	0.3961734969797512	29.799602136638313	7.13588778430496
0.43191404370090863	0.1260662311319214	0.42463412128202394	29.799602136638313	7.13588778430496
0.43191404370090863	0.1260662311319214	0.3586385393692182	30.41762881995655	6.614096671424646
0.37247053436489297	0.1407094362658709	0.31535376893483813	30.342352336975363	7.204335952282758
0.33733355059150466	0.1407094362658709	0.363471209123196	30.064794722187926	7.122726920291
0.2503044360276095	0.4678693078931289	0.1407094362658709	0.44216827408599674	41.51282175085231	29.765113074440652	6.433631349669117
0.5484839732536066	0.13492119383491763	0.45304887858765025	29.452071928629266	6.146317110036953
0.5447795820613632	0.1568523736350512	0.45454306780079634	28.231347773378324	7.030894147307592
0.5447795820613632	0.1568523736350512	0.45454306780079634	27.505465788560482	5.827633856534099
0.46235157444981656	0.162602942531317	0.4095793855927178	27.841730958498182	6.003903899491882
0.4310561871081928	0.162602942531317	0.4095793855927178	27.07829791884085	5.959076876229067
0.3317416520504091	0.14874494961063453	0.4105959176770117	27.536619335469673	5.990887509061769
0.3317416520504091	0.14874494961063453	0.4105959176770117	27.433753733663877	6.672557546657177
0.30885881344391225	0.16020877880867426	0.38904036492994476	27.753963010349064	5.948827697235351
0.1591811861030793	0.37598574507738175	6.130539330279372
0.1662687527197524	0.1267956258227202	0.36825529410079677	12.447228328921906	5.958884205447395
0.13478335528148172	0.4590168797455314	5.871146402288284
0.1643290556671936	0.4175939062414687	5.964485042167355
0.1643290556671936	0.4020342983844412	6.416636005598198
0.18942704580532624	0.34721739236798094	6.87791650701913
0.1886480340290426	0.3555770439947998	6.858057026482164
0.16845317266470727	0.40249937225686405	6.062879372836633
0.16988985594861108	0.30939865922856585	6.062879372836633
0.16988985594861108	0.34181209699460763	6.1209904848694645
0.16988985594861108	0.34181209699460763	6.220158257843694
0.262038242302532	0.12398632045195053	0.34181209699460763	34.1297756282705	5.955274040768762
0.23353676269713255	0.13811822803509483	0.41738394145621	33.37312863235158	6.087992176895661
0.25266963093533934	0.13811822803509483	0.38391621112661684	32.689019345624445	6.308755899236172
0.21604359248058555	0.30588988079495394	0.16350854517936253	0.38391621112661684	38.60934684393352	33.037055915491685	6.305620094452554
0.28832314356235456	0.18695948689569897	0.3084352781439574	32.14644176276154	8.039114883861544
